<?xml version="1.0" encoding="UTF-8"?>
<!-- Generated by org.testng.reporters.JUnitReportReporter -->
<testsuite name="org.testing.TestCases.GetOne" tests="1" time="2.914" ignored="0" failures="0" timestamp="08 Jan 2022 15:42:07 GMT" skipped="0" hostname="LAPTOP-G33HDGNE" errors="0">
  <testcase name="testcase9" time="2.914" classname="org.testing.TestCases.GetOne"/>
</testsuite> <!-- org.testing.TestCases.GetOne -->
