<?xml version="1.0" encoding="UTF-8"?>
<!-- Generated by org.testng.reporters.JUnitReportReporter -->
<testsuite name="org.testing.TestCases.GetAll" tests="1" time="1.664" ignored="0" failures="0" timestamp="08 Jan 2022 15:42:07 GMT" skipped="0" hostname="LAPTOP-G33HDGNE" errors="0">
  <testcase name="testcase6" time="1.664" classname="org.testing.TestCases.GetAll"/>
</testsuite> <!-- org.testing.TestCases.GetAll -->
