<?xml version="1.0" encoding="UTF-8"?>
<!-- Generated by org.testng.reporters.JUnitReportReporter -->
<testsuite name="org.testing.TestCases.TC1" tests="1" time="1.117" ignored="0" failures="0" timestamp="06 Jan 2022 15:57:16 GMT" skipped="0" hostname="LAPTOP-G33HDGNE" errors="0">
  <testcase name="testcase1" time="1.117" classname="org.testing.TestCases.TC1"/>
</testsuite> <!-- org.testing.TestCases.TC1 -->
