<?xml version="1.0" encoding="UTF-8"?>
<!-- Generated by org.testng.reporters.JUnitReportReporter -->
<testsuite name="org.testing.TestCases.TC2" tests="1" time="0.721" ignored="0" failures="0" timestamp="06 Jan 2022 15:57:16 GMT" skipped="0" hostname="LAPTOP-G33HDGNE" errors="0">
  <testcase name="testCase2" time="0.721" classname="org.testing.TestCases.TC2"/>
</testsuite> <!-- org.testing.TestCases.TC2 -->
