<?xml version="1.0" encoding="UTF-8"?>
<!-- Generated by org.testng.reporters.JUnitReportReporter -->
<testsuite name="org.testing.TestCases.Post" tests="1" time="0.947" ignored="0" failures="0" timestamp="09 Jan 2022 14:30:22 GMT" skipped="0" hostname="LAPTOP-G33HDGNE" errors="0">
  <testcase name="testcase7" time="0.947" classname="org.testing.TestCases.Post"/>
</testsuite> <!-- org.testing.TestCases.Post -->
